make all --print-data-base --no-builtin-variables --no-builtin-rules --question
# GNU Make 4.3
# Built for x86_64-pc-linux-gnu
# Copyright (C) 1988-2020 Free Software Foundation, Inc.
# License GPLv3+: GNU GPL version 3 or later <http://gnu.org/licenses/gpl.html>
# This is free software: you are free to change and redistribute it.
# There is NO WARRANTY, to the extent permitted by law.

# Make data base, printed on Wed Jun 29 17:08:23 2022

# Variables

# environment
GDK_BACKEND = x11
# environment
LC_ALL = C
# environment
GNOME_SHELL_SESSION_MODE = ubuntu
# environment
SSH_AGENT_LAUNCHER = gnome-keyring
# environment
SNAP_INSTANCE_KEY = 
# environment
GJS_DEBUG_OUTPUT = stderr
# environment
VSCODE_IPC_HOOK_EXTHOST = /run/user/1000/vscode-ipc-06d939a8-0fa1-4dce-9829-3ff7e563a1b9.sock
# environment
LC_NAME = ru_RU.UTF-8
# environment
LC_NUMERIC = ru_RU.UTF-8
# environment
VSCODE_CWD = /home/brattles
# environment
WINDOWPATH = 2
# makefile (from 'Makefile', line 12)
IMAGES := docker images -a -q
# environment
LC_ADDRESS = ru_RU.UTF-8
# default
MAKE_COMMAND := make
# environment
QT_ACCESSIBILITY = 1
# automatic
@D = $(patsubst %/,%,$(dir $@))
# environment
SNAP_INSTANCE_NAME = code
# makefile (from 'Makefile', line 11)
CONTAINERS := docker ps -a
# environment
GDK_PIXBUF_MODULEDIR = /snap/code/99/usr/lib/x86_64-linux-gnu/gdk-pixbuf-2.0/2.10.0/loaders
# environment
VSCODE_HANDLES_UNCAUGHT_ERRORS = true
# default
.VARIABLES := 
# environment
PWD = /home/brattles/21school/Ethereum transactions crawler
# automatic
%D = $(patsubst %/,%,$(dir $%))
# environment
XDG_DATA_DIRS = /usr/share/ubuntu-xorg:/usr/share/gnome:/usr/local/share/:/usr/share/:/var/lib/snapd/desktop
# automatic
^D = $(patsubst %/,%,$(dir $^))
# environment
VSCODE_LOG_STACK = false
# automatic
%F = $(notdir $%)
# environment
VSCODE_CODE_CACHE_PATH = /home/brattles/.config/Code/CachedData/30d9c6cd9483b2cc586687151bcbcd635f373630
# environment
LANG = C
# environment
XAUTHORITY = /run/user/1000/gdm/Xauthority
# default
.LOADED := 
# default
.INCLUDE_DIRS = /usr/local/include /usr/include /usr/include
# makefile
MAKEFLAGS = pqrR
# makefile
CURDIR := /home/brattles/21school/Ethereum transactions crawler
# environment
VSCODE_PIPE_LOGGING = true
# environment
APPLICATION_INSIGHTS_NO_DIAGNOSTIC_CHANNEL = 1
# environment
LESSOPEN = | /usr/bin/lesspipe %s
# automatic
*D = $(patsubst %/,%,$(dir $*))
# environment
MFLAGS = -pqrR
# environment
SSH_AUTH_SOCK = /run/user/1000/keyring/ssh
# default
.SHELLFLAGS := -c
# environment
XDG_CONFIG_DIRS = /etc/xdg/xdg-ubuntu-xorg:/etc/xdg
# automatic
+D = $(patsubst %/,%,$(dir $+))
# environment
XDG_SESSION_DESKTOP = ubuntu-xorg
# makefile (from 'Makefile', line 1)
MAKEFILE_LIST := Makefile
# environment
SNAP_REEXEC = 
# automatic
@F = $(notdir $@)
# environment
VSCODE_VERBOSE_LOGGING = true
# environment
VSCODE_PID = 493401
# environment
XDG_SESSION_TYPE = x11
# automatic
?D = $(patsubst %/,%,$(dir $?))
# environment
BAMF_DESKTOP_FILE_HINT = /var/lib/snapd/desktop/applications/code_code.desktop
# environment
SESSION_MANAGER = local/brattles-Lenovo:@/tmp/.ICE-unix/1152,unix/brattles-Lenovo:/tmp/.ICE-unix/1152
# makefile (from 'Makefile', line 13)
NETWORK = django_app
# automatic
*F = $(notdir $*)
# environment
CHROME_DESKTOP = code-url-handler.desktop
# environment
DBUS_SESSION_BUS_ADDRESS = unix:path=/run/user/1000/bus
# automatic
<D = $(patsubst %/,%,$(dir $<))
# environment
VSCODE_NLS_CONFIG = {"locale":"ru","availableLanguages":{"*":"ru"},"_languagePackId":"4165c719fdf7a78444ed970b4565033b.ru","_translationsConfigFile":"/home/brattles/.config/Code/clp/4165c719fdf7a78444ed970b4565033b.ru/tcf.json","_cacheRoot":"/home/brattles/.config/Code/clp/4165c719fdf7a78444ed970b4565033b.ru","_resolvedLanguagePackCoreLocation":"/home/brattles/.config/Code/clp/4165c719fdf7a78444ed970b4565033b.ru/30d9c6cd9483b2cc586687151bcbcd635f373630","_corruptedFile":"/home/brattles/.config/Code/clp/4165c719fdf7a78444ed970b4565033b.ru/corrupted.info","_languagePackSupport":true}
# default
MAKE_HOST := x86_64-pc-linux-gnu
# environment
GNOME_DESKTOP_SESSION_ID = this-is-deprecated
# makefile
SHELL = /bin/sh
# default
MAKECMDGOALS := all
# environment
XMODIFIERS = @im=ibus
# environment
GJS_DEBUG_TOPICS = JS ERROR;JS LOG
# environment
SHLVL = 0
# environment
MAKELEVEL := 0
# default
MAKE = $(MAKE_COMMAND)
# environment
SNAP_COOKIE = RbZ9cJxMeIMrnIS8qyQBHwj76mGKAI0IMy0BocyuvZA_t5Od0JEj
# environment
PATH = /home/brattles/.local/bin:/home/brattles/.local/bin:/usr/local/sbin:/usr/local/bin:/usr/sbin:/usr/bin:/sbin:/bin:/usr/games:/usr/local/games:/snap/bin:/snap/bin
# default
MAKEFILES := 
# environment
LANGUAGE = ru:en_US:en
# environment
LC_MONETARY = ru_RU.UTF-8
# automatic
^F = $(notdir $^)
# environment
SNAP_USER_COMMON = /home/brattles/snap/code/common
# environment
LC_TIME = ru_RU.UTF-8
# environment
SNAP = /snap/code/99
# environment
INVOCATION_ID = 38eeae04e64b4e87bb8177cefc0512f9
# environment
SNAP_REVISION = 99
# environment
SNAP_REAL_HOME = /home/brattles
# environment
VSCODE_LOG_NATIVE = false
# environment
USERNAME = brattles
# environment
LC_TELEPHONE = ru_RU.UTF-8
# environment
LESSCLOSE = /usr/bin/lesspipe %s %s
# automatic
?F = $(notdir $?)
# environment
XDG_CURRENT_DESKTOP = Unity
# environment
LS_COLORS = 
# automatic
+F = $(notdir $+)
# environment
DESKTOP_SESSION = ubuntu-xorg
# environment
ORIGINAL_XDG_CURRENT_DESKTOP = ubuntu:GNOME
# 'override' directive
GNUMAKEFLAGS := 
# environment
LOGNAME = brattles
# environment
GIO_LAUNCHED_DESKTOP_FILE = /var/lib/snapd/desktop/applications/code_code.desktop
# environment
SNAP_ARCH = amd64
# makefile
.DEFAULT_GOAL := all
# environment
SYSTEMD_EXEC_PID = 433467
# environment
DISPLAY = :0
# environment
USER = brattles
# environment
GTK_MODULES = gail:atk-bridge
# default
MAKE_VERSION := 4.3
# environment
DISABLE_WAYLAND = 1
# environment
SNAP_DATA = /var/snap/code/99
# environment
SNAP_CONTEXT = RbZ9cJxMeIMrnIS8qyQBHwj76mGKAI0IMy0BocyuvZA_t5Od0JEj
# environment
MANAGERPID = 914
# environment
LC_MEASUREMENT = ru_RU.UTF-8
# environment
GIO_LAUNCHED_DESKTOP_FILE_PID = 493356
# environment
_ = /snap/code/99/usr/share/code/code
# environment
LC_PAPER = ru_RU.UTF-8
# environment
XDG_RUNTIME_DIR = /run/user/1000
# environment
GPG_AGENT_INFO = /run/user/1000/gnupg/S.gpg-agent:0:1
# environment
GDK_PIXBUF_MODULE_FILE = /home/brattles/snap/code/common/.cache/gdk-pixbuf-loaders.cache
# environment
JOURNAL_STREAM = 8:1628487
# environment
XDG_SESSION_CLASS = user
# environment
VSCODE_AMD_ENTRYPOINT = vs/workbench/api/node/extensionHostProcess
# environment
HOME = /home/brattles
# environment
QT_IM_MODULE = ibus
# environment
ELECTRON_RUN_AS_NODE = 1
# environment
VSCODE_IPC_HOOK = /run/user/1000/vscode-204e182c-1.68.1-main.sock
# environment
SNAP_NAME = code
# environment
GSETTINGS_SCHEMA_DIR = /snap/code/99/usr/share/glib-2.0/schemas
# environment
PAPERSIZE = a4
# default
.RECIPEPREFIX := 
# automatic
<F = $(notdir $<)
# environment
SNAP_VERSION = 30d9c6cd
# default
SUFFIXES := 
# environment
VSCODE_CLI = 1
# environment
ELECTRON_NO_ATTACH_CONSOLE = 1
# environment
SNAP_COMMON = /var/snap/code/common
# default
.FEATURES := target-specific order-only second-expansion else-if shortest-stem undefine oneshell nocomment grouped-target extra-prereqs archives jobserver output-sync check-symlink load
# environment
SNAP_USER_DATA = /home/brattles/snap/code/99
# environment
XDG_MENU_PREFIX = gnome-
# environment
GDMSESSION = ubuntu-xorg
# environment
LC_IDENTIFICATION = ru_RU.UTF-8
# environment
 
SNAP_LIBRARY_PATH = /var/lib/snapd/lib/gl:/var/lib/snapd/lib/gl32:/var/lib/snapd/void
# variable set hash-table stats:
# Load=134/1024=13%, Rehash=0, Collisions=5/167=3%

# Pattern-specific Variable Values

# No pattern-specific variable values.

# Directories

# . (device 2054, inode 718217): 14 files, no impossibilities.

# 14 files, no impossibilities in 1 directories.

# Implicit Rules

# No implicit rules.

# Files

# Not a target:
Makefile:
#  Implicit rule search has been done.
#  Last modified 2022-06-26 23:27:54.994005862
#  File has been updated.
#  Successfully updated.

clean:
#  Phony target (prerequisite of .PHONY).
#  Implicit rule search has not been done.
#  File does not exist.
#  File has not been updated.
#  recipe to execute (from 'Makefile', line 46):
	-docker-compose -f down --remove-orphans
	-docker stop $$($(CONTAINERS))
	-docker rm -f $$($(CONTAINERS))

re: fclean all
#  Phony target (prerequisite of .PHONY).
#  Implicit rule search has not been done.
#  File does not exist.
#  File has not been updated.

# Not a target:
.DEFAULT:
#  Implicit rule search has not been done.
#  Modification time never checked.
#  File has not been updated.

modelchange:
#  Phony target (prerequisite of .PHONY).
#  Implicit rule search has not been done.
#  File does not exist.
#  File has not been updated.
#  recipe to execute (from 'Makefile', line 38):
	-docker-compose -f down --remove-orphans
	-docker stop $$($(CONTAINERS))
	@sudo docker-compose run web python manage.py makemigrations
	@sudo docker-compose run web python manage.py migrate
	@docker-compose up

all:
#  Phony target (prerequisite of .PHONY).
#  Command line target.
#  Implicit rule search has not been done.
#  Implicit/static pattern stem: ''
#  File does not exist.
#  File has been updated.
#  Needs to be updated (-q is set).
# automatic
# @ := all
# automatic
# * := 
# automatic
# < := 
# automatic
# + := 
# automatic
# % := 
# automatic
# ^ := 
# automatic
# ? := 
# automatic
# | := 
# variable set hash-table stats:
# Load=8/32=25%, Rehash=0, Collisions=1/11=9%
#  recipe to execute (from 'Makefile', line 16):
	@sudo docker-compose run web django-admin startproject TraceLabsTest .
	@sudo chown -R $$USER:$$USER TraceLabsTest data manage.py
	@rm -rf TraceLabsTest/*
	@cp -r project_settings/* TraceLabsTest/
	
	@sudo docker-compose run web python manage.py startapp eth_crawler
	@sudo chown -R $$USER:$$USER eth_crawler
	@-rm -rf eth_crawler/*
	@cp -r app_settings/* eth_crawler/
	
	@sudo docker-compose run web python manage.py makemigrations
	@sudo docker-compose run web python manage.py migrate
	@docker-compose up
	

fclean: clean
#  Phony target (prerequisite of .PHONY).
#  Implicit rule search has not been done.
#  File does not exist.
#  File has not been updated.
#  recipe to execute (from 'Makefile', line 51):
	-docker volume rm $$(docker volume ls -q)
	-docker system prune -af --volumes
	-docker network rm $$(docker network ls -q)
	-docker rmi -f $$($(IMAGES))
	-sudo rm -rf TraceLabsTest
	-sudo rm -rf data
	-sudo rm -f manage.py
	-sudo rm -rf eth_crawler

rebuild:
#  Phony target (prerequisite of .PHONY).
#  Implicit rule search has not been done.
#  File does not exist.
#  File has not been updated.
#  recipe to execute (from 'Makefile', line 32):
	@-sudo rm -rf TraceLabsTest
	@-sudo rm -f manage.py
	@-sudo rm -rf eth_crawler
	

# Not a target:
.SUFFIXES:
#  Implicit rule search has not been done.
#  Modification time never checked.
#  File has not been updated.

.PHONY: all clean fclean re rebuild modelchange
#  Implicit rule search has not been done.
#  Modification time never checked.
#  File has not been updated.

# files hash-table stats:
# Load=10/1024=1%, Rehash=0, Collisions=3/36=8%
# VPATH Search Paths

# No 'vpath' search paths.

# No general ('VPATH' variable) search path.

# strcache buffers: 1 (0) / strings = 25 / storage = 244 B / avg = 9 B
# current buf: size = 8162 B / used = 244 B / count = 25 / avg = 9 B

# strcache performance: lookups = 47 / hit rate = 46%
# hash-table stats:
# Load=25/8192=0%, Rehash=0, Collisions=0/47=0%
# Finished Make data base on Wed Jun 29 17:08:23 2022

 
